     1                                  ; alive.asm
     2                                  section .data
     3 00000000 48656C6C6F2C20576F-     	msg1	db	"Hello, World!",10,0        ; string with NL and 0
     3 00000009 726C64210A00       
     4                                  	msg1Len	equ	$ - msg1 - 1                ; measure the length, minus the 0
     5                                                                              ; A la ubicación en memoria ($) restarle la ubicacion de memoria de msg1 y restarle 1 más
     6 0000000F 416C69766520616E64-     	msg2	db	"Alive and Kicking!",10,0	; string with NL and 0
     6 00000018 204B69636B696E6721-
     6 00000021 0A00               
     7                                  	msg2Len	equ	$ - msg2 - 1                ; measure the length, minus the 0
     8 00000023 6501000000000000        	radius	dq	357                         ; no string, not displayable?
     9 0000002B 1F85EB51B81E0940        	pi		dq	3.14                        ; no string, not displayable?
    10                                  
    11                                  section .bss
    12                                  
    13                                  section .text
    14                                  	global main
    15                                  main:
    16                                      ;push 	rbp				; function prologue
    17                                      ;mov 	rbp, rsp        ; function prologue
    18 00000000 B801000000                  mov		rax, 1		    ; 1 = write
    19 00000005 BF01000000                  mov		rdi, 1		    ; 1 = to stdout
    20 0000000A 48BE-                       mov		rsi, msg1		; string to display
    20 0000000C [0000000000000000] 
    21 00000014 BA0E000000                  mov		rdx, msg1Len	; length of the string
    22 00000019 0F05                        syscall				    ; display the string
    23 0000001B B801000000                  mov		rax, 1		    ; 1 = write
    24 00000020 BF01000000                  mov		rdi, 1		    ; 1 = to stdout
    25 00000025 48BE-                       mov		rsi, msg2		; string to display
    25 00000027 [0F00000000000000] 
    26 0000002F BA13000000                  mov		rdx, msg2Len	; length of the string
    27 00000034 0F05                        syscall				    ; display the string
    28                                  	;mov 	rsp, rbp        ; function epilogue
    29                                  	;pop 	rbp				; function epilogue
    30 00000036 B83C000000                  mov		rax, 60		    ; 60 = exit
    31 0000003B BF00000000                  mov		rdi, 0		    ; 0 = success exit code
    32 00000040 0F05                        syscall				    ; quit
